\BOOKMARK [0][-]{chapter.1}{\376\377\0001\000\040\000I\000n\000d\000e\000k\000s\000\040\000h\000i\000e\000r\000a\000r\000c\000h\000i\000c\000z\000n\000y}{}% 1
\BOOKMARK [1][-]{section.1.1}{\376\377\0001\000.\0001\000\040\000H\000i\000e\000r\000a\000r\000c\000h\000i\000a\000\040\000k\000l\000a\000s}{chapter.1}% 2
\BOOKMARK [0][-]{chapter.2}{\376\377\0002\000\040\000I\000n\000d\000e\000k\000s\000\040\000k\000l\000a\000s}{}% 3
\BOOKMARK [1][-]{section.2.1}{\376\377\0002\000.\0001\000\040\000L\000i\000s\000t\000a\000\040\000k\000l\000a\000s}{chapter.2}% 4
\BOOKMARK [0][-]{chapter.3}{\376\377\0003\000\040\000I\000n\000d\000e\000k\000s\000\040\000p\000l\000i\000k\000\363\000w}{}% 5
\BOOKMARK [1][-]{section.3.1}{\376\377\0003\000.\0001\000\040\000L\000i\000s\000t\000a\000\040\000p\000l\000i\000k\000\363\000w}{chapter.3}% 6
\BOOKMARK [0][-]{chapter.4}{\376\377\0004\000\040\000D\000o\000k\000u\000m\000e\000n\000t\000a\000c\000j\000a\000\040\000k\000l\000a\000s}{}% 7
\BOOKMARK [1][-]{section.4.1}{\376\377\0004\000.\0001\000\040\000D\000o\000k\000u\000m\000e\000n\000t\000a\000c\000j\000a\000\040\000k\000l\000a\000s\000y\000\040\000B\000o\000m\000b\000a}{chapter.4}% 8
\BOOKMARK [2][-]{subsection.4.1.1}{\376\377\0004\000.\0001\000.\0001\000\040\000O\000p\000i\000s\000\040\000s\000z\000c\000z\000e\000g\000\363\001\102\000o\000w\000y}{section.4.1}% 9
\BOOKMARK [2][-]{subsection.4.1.2}{\376\377\0004\000.\0001\000.\0002\000\040\000D\000o\000k\000u\000m\000e\000n\000t\000a\000c\000j\000a\000\040\000k\000o\000n\000s\000t\000r\000u\000k\000t\000o\000r\000a\000\040\000i\000\040\000d\000e\000s\000t\000r\000u\000k\000t\000o\000r\000a}{section.4.1}% 10
\BOOKMARK [3][-]{subsubsection.4.1.2.1}{\376\377\0004\000.\0001\000.\0002\000.\0001\000\040\000B\000o\000m\000b\000a\000\050\000\051}{subsection.4.1.2}% 11
\BOOKMARK [2][-]{subsection.4.1.3}{\376\377\0004\000.\0001\000.\0003\000\040\000D\000o\000k\000u\000m\000e\000n\000t\000a\000c\000j\000a\000\040\000f\000u\000n\000k\000c\000j\000i\000\040\000s\000k\001\102\000a\000d\000o\000w\000y\000c\000h}{section.4.1}% 12
\BOOKMARK [3][-]{subsubsection.4.1.3.1}{\376\377\0004\000.\0001\000.\0003\000.\0001\000\040\000s\000m\000i\000e\000r\000c\000\050\000\051}{subsection.4.1.3}% 13
\BOOKMARK [3][-]{subsubsection.4.1.3.2}{\376\377\0004\000.\0001\000.\0003\000.\0002\000\040\000w\000y\000k\000o\000n\000a\000j\000\137\000r\000u\000c\000h\000\050\000\051}{subsection.4.1.3}% 14
\BOOKMARK [1][-]{section.4.2}{\376\377\0004\000.\0002\000\040\000D\000o\000k\000u\000m\000e\000n\000t\000a\000c\000j\000a\000\040\000k\000l\000a\000s\000y\000\040\000G\000r\000a}{chapter.4}% 15
\BOOKMARK [2][-]{subsection.4.2.1}{\376\377\0004\000.\0002\000.\0001\000\040\000O\000p\000i\000s\000\040\000s\000z\000c\000z\000e\000g\000\363\001\102\000o\000w\000y}{section.4.2}% 16
\BOOKMARK [2][-]{subsection.4.2.2}{\376\377\0004\000.\0002\000.\0002\000\040\000D\000o\000k\000u\000m\000e\000n\000t\000a\000c\000j\000a\000\040\000k\000o\000n\000s\000t\000r\000u\000k\000t\000o\000r\000a\000\040\000i\000\040\000d\000e\000s\000t\000r\000u\000k\000t\000o\000r\000a}{section.4.2}% 17
\BOOKMARK [3][-]{subsubsection.4.2.2.1}{\376\377\0004\000.\0002\000.\0002\000.\0001\000\040\000G\000r\000a\000\050\000\051}{subsection.4.2.2}% 18
\BOOKMARK [2][-]{subsection.4.2.3}{\376\377\0004\000.\0002\000.\0003\000\040\000D\000o\000k\000u\000m\000e\000n\000t\000a\000c\000j\000a\000\040\000f\000u\000n\000k\000c\000j\000i\000\040\000s\000k\001\102\000a\000d\000o\000w\000y\000c\000h}{section.4.2}% 19
\BOOKMARK [3][-]{subsubsection.4.2.3.1}{\376\377\0004\000.\0002\000.\0003\000.\0001\000\040\000p\000r\000z\000e\000b\000i\000e\000g\000\050\000\051}{subsection.4.2.3}% 20
\BOOKMARK [2][-]{subsection.4.2.4}{\376\377\0004\000.\0002\000.\0004\000\040\000D\000o\000k\000u\000m\000e\000n\000t\000a\000c\000j\000a\000\040\000p\000r\000z\000y\000j\000a\000c\000i\000\363\001\102\000\040\000i\000\040\000f\000u\000n\000k\000c\000j\000i\000\040\000z\000w\000i\001\005\000z\000a\000n\000y\000c\000h}{section.4.2}% 21
\BOOKMARK [3][-]{subsubsection.4.2.4.1}{\376\377\0004\000.\0002\000.\0004\000.\0001\000\040\000M\000a\000r\000i\000o}{subsection.4.2.4}% 22
\BOOKMARK [1][-]{section.4.3}{\376\377\0004\000.\0003\000\040\000D\000o\000k\000u\000m\000e\000n\000t\000a\000c\000j\000a\000\040\000k\000l\000a\000s\000y\000\040\000M\000a\000r\000i\000o}{chapter.4}% 23
\BOOKMARK [2][-]{subsection.4.3.1}{\376\377\0004\000.\0003\000.\0001\000\040\000O\000p\000i\000s\000\040\000s\000z\000c\000z\000e\000g\000\363\001\102\000o\000w\000y}{section.4.3}% 24
\BOOKMARK [2][-]{subsection.4.3.2}{\376\377\0004\000.\0003\000.\0002\000\040\000D\000o\000k\000u\000m\000e\000n\000t\000a\000c\000j\000a\000\040\000f\000u\000n\000k\000c\000j\000i\000\040\000s\000k\001\102\000a\000d\000o\000w\000y\000c\000h}{section.4.3}% 25
\BOOKMARK [3][-]{subsubsection.4.3.2.1}{\376\377\0004\000.\0003\000.\0002\000.\0001\000\040\000p\000r\000z\000e\000b\000i\000e\000g\000\050\000\051}{subsection.4.3.2}% 26
\BOOKMARK [1][-]{section.4.4}{\376\377\0004\000.\0004\000\040\000D\000o\000k\000u\000m\000e\000n\000t\000a\000c\000j\000a\000\040\000k\000l\000a\000s\000y\000\040\000M\000e\000n\000u}{chapter.4}% 27
\BOOKMARK [2][-]{subsection.4.4.1}{\376\377\0004\000.\0004\000.\0001\000\040\000O\000p\000i\000s\000\040\000s\000z\000c\000z\000e\000g\000\363\001\102\000o\000w\000y}{section.4.4}% 28
\BOOKMARK [2][-]{subsection.4.4.2}{\376\377\0004\000.\0004\000.\0002\000\040\000D\000o\000k\000u\000m\000e\000n\000t\000a\000c\000j\000a\000\040\000k\000o\000n\000s\000t\000r\000u\000k\000t\000o\000r\000a\000\040\000i\000\040\000d\000e\000s\000t\000r\000u\000k\000t\000o\000r\000a}{section.4.4}% 29
\BOOKMARK [3][-]{subsubsection.4.4.2.1}{\376\377\0004\000.\0004\000.\0002\000.\0001\000\040\000M\000e\000n\000u\000\050\000\051}{subsection.4.4.2}% 30
\BOOKMARK [2][-]{subsection.4.4.3}{\376\377\0004\000.\0004\000.\0003\000\040\000D\000o\000k\000u\000m\000e\000n\000t\000a\000c\000j\000a\000\040\000f\000u\000n\000k\000c\000j\000i\000\040\000s\000k\001\102\000a\000d\000o\000w\000y\000c\000h}{section.4.4}% 31
\BOOKMARK [3][-]{subsubsection.4.4.3.1}{\376\377\0004\000.\0004\000.\0003\000.\0001\000\040\000w\000y\000s\000w\000i\000e\000t\000l\000\050\000\051}{subsection.4.4.3}% 32
\BOOKMARK [1][-]{section.4.5}{\376\377\0004\000.\0005\000\040\000D\000o\000k\000u\000m\000e\000n\000t\000a\000c\000j\000a\000\040\000k\000l\000a\000s\000y\000\040\000P\000l\000a\000n\000s\000z\000a}{chapter.4}% 33
\BOOKMARK [2][-]{subsection.4.5.1}{\376\377\0004\000.\0005\000.\0001\000\040\000O\000p\000i\000s\000\040\000s\000z\000c\000z\000e\000g\000\363\001\102\000o\000w\000y}{section.4.5}% 34
\BOOKMARK [2][-]{subsection.4.5.2}{\376\377\0004\000.\0005\000.\0002\000\040\000D\000o\000k\000u\000m\000e\000n\000t\000a\000c\000j\000a\000\040\000k\000o\000n\000s\000t\000r\000u\000k\000t\000o\000r\000a\000\040\000i\000\040\000d\000e\000s\000t\000r\000u\000k\000t\000o\000r\000a}{section.4.5}% 35
\BOOKMARK [3][-]{subsubsection.4.5.2.1}{\376\377\0004\000.\0005\000.\0002\000.\0001\000\040\000P\000l\000a\000n\000s\000z\000a\000\050\000\051}{subsection.4.5.2}% 36
\BOOKMARK [2][-]{subsection.4.5.3}{\376\377\0004\000.\0005\000.\0003\000\040\000D\000o\000k\000u\000m\000e\000n\000t\000a\000c\000j\000a\000\040\000f\000u\000n\000k\000c\000j\000i\000\040\000s\000k\001\102\000a\000d\000o\000w\000y\000c\000h}{section.4.5}% 37
\BOOKMARK [3][-]{subsubsection.4.5.3.1}{\376\377\0004\000.\0005\000.\0003\000.\0001\000\040\000c\000z\000y\000\137\000p\000o\000s\000t\000a\000c\000\137\000j\000e\000s\000t\000\137\000w\000\137\000d\000a\000n\000e\000j\000\137\000k\000o\000l\000u\000m\000n\000i\000e\000\050\000\051}{subsection.4.5.3}% 38
\BOOKMARK [3][-]{subsubsection.4.5.3.2}{\376\377\0004\000.\0005\000.\0003\000.\0002\000\040\000f\000i\000z\000y\000k\000a\000\137\000p\000o\000s\000t\000a\000c\000i\000\137\000p\000i\000o\000n\000\050\000\051}{subsection.4.5.3}% 39
\BOOKMARK [3][-]{subsubsection.4.5.3.3}{\376\377\0004\000.\0005\000.\0003\000.\0003\000\040\000L\000a\000d\000o\000w\000a\000n\000i\000e\000T\000e\000k\000s\000t\000u\000r\000\050\000\051}{subsection.4.5.3}% 40
\BOOKMARK [3][-]{subsubsection.4.5.3.4}{\376\377\0004\000.\0005\000.\0003\000.\0004\000\040\000m\000a\000k\000s\000y\000m\000a\000l\000n\000y\000\137\000o\000d\000s\000t\000e\000p\000\050\000\051}{subsection.4.5.3}% 41
\BOOKMARK [3][-]{subsubsection.4.5.3.5}{\376\377\0004\000.\0005\000.\0003\000.\0005\000\040\000r\000u\000c\000h\000\137\000w\000\137\000l\000e\000w\000o\000\050\000\051}{subsection.4.5.3}% 42
\BOOKMARK [3][-]{subsubsection.4.5.3.6}{\376\377\0004\000.\0005\000.\0003\000.\0006\000\040\000r\000u\000c\000h\000\137\000w\000\137\000p\000r\000a\000w\000o\000\050\000\051}{subsection.4.5.3}% 43
\BOOKMARK [3][-]{subsubsection.4.5.3.7}{\376\377\0004\000.\0005\000.\0003\000.\0007\000\040\000R\000y\000s\000o\000w\000a\000n\000i\000e\000\137\000c\000z\000e\000s\000c\000i\000\137\000p\000l\000a\000n\000s\000z\000y\000\050\000\051}{subsection.4.5.3}% 44
\BOOKMARK [3][-]{subsubsection.4.5.3.8}{\376\377\0004\000.\0005\000.\0003\000.\0008\000\040\000s\000m\000i\000e\000r\000c\000\050\000\051}{subsection.4.5.3}% 45
\BOOKMARK [3][-]{subsubsection.4.5.3.9}{\376\377\0004\000.\0005\000.\0003\000.\0009\000\040\000s\000p\000r\000a\000w\000d\000z\000e\000n\000i\000e\000\137\000p\000o\000l\000a\000\050\000\051}{subsection.4.5.3}% 46
\BOOKMARK [3][-]{subsubsection.4.5.3.10}{\376\377\0004\000.\0005\000.\0003\000.\0001\0000\000\040\000s\000t\000w\000o\000r\000z\000e\000n\000i\000e\000\137\000w\000y\000s\000p\000y\000\050\000\051}{subsection.4.5.3}% 47
\BOOKMARK [3][-]{subsubsection.4.5.3.11}{\376\377\0004\000.\0005\000.\0003\000.\0001\0001\000\040\000w\000y\000k\000o\000n\000a\000n\000i\000e\000\137\000s\000k\000o\000k\000u\000\050\000\051}{subsection.4.5.3}% 48
\BOOKMARK [3][-]{subsubsection.4.5.3.12}{\376\377\0004\000.\0005\000.\0003\000.\0001\0002\000\040\000w\000y\000p\000e\000l\000n\000i\000e\000n\000i\000e\000\137\000c\000z\000e\000s\000c\000i\000\137\000t\000a\000b\000l\000i\000c\000y\000\050\000\051}{subsection.4.5.3}% 49
\BOOKMARK [3][-]{subsubsection.4.5.3.13}{\376\377\0004\000.\0005\000.\0003\000.\0001\0003\000\040\000w\000y\000p\000e\000l\000n\000i\000e\000n\000i\000e\000\137\000m\000i\000n\000d\000l\000w\000y\000s\000\050\000\051}{subsection.4.5.3}% 50
\BOOKMARK [3][-]{subsubsection.4.5.3.14}{\376\377\0004\000.\0005\000.\0003\000.\0001\0004\000\040\000w\000y\000p\000e\000l\000n\000i\000e\000n\000i\000e\000\137\000p\000o\000c\000z\000a\000t\000k\000o\000w\000y\000c\000h\000\137\000p\000o\000l\000\050\000\051}{subsection.4.5.3}% 51
\BOOKMARK [3][-]{subsubsection.4.5.3.15}{\376\377\0004\000.\0005\000.\0003\000.\0001\0005\000\040\000w\000y\000p\000e\000l\000n\000i\000e\000n\000i\000e\000\137\000p\000o\000l\000a\000\050\000\051}{subsection.4.5.3}% 52
\BOOKMARK [3][-]{subsubsection.4.5.3.16}{\376\377\0004\000.\0005\000.\0003\000.\0001\0006\000\040\000w\000y\000s\000w\000i\000e\000t\000l\000e\000n\000i\000e\000\050\000\051}{subsection.4.5.3}% 53
\BOOKMARK [2][-]{subsection.4.5.4}{\376\377\0004\000.\0005\000.\0004\000\040\000D\000o\000k\000u\000m\000e\000n\000t\000a\000c\000j\000a\000\040\000a\000t\000r\000y\000b\000u\000t\000\363\000w\000\040\000s\000k\001\102\000a\000d\000o\000w\000y\000c\000h}{section.4.5}% 54
\BOOKMARK [3][-]{subsubsection.4.5.4.1}{\376\377\0004\000.\0005\000.\0004\000.\0001\000\040\000a\000k\000t\000u\000a\000l\000n\000a\000\137\000i\000l\000o\000s\000c\000\137\000p\000u\000n\000k\000t\000o\000w}{subsection.4.5.4}% 55
\BOOKMARK [3][-]{subsubsection.4.5.4.2}{\376\377\0004\000.\0005\000.\0004\000.\0002\000\040\000a\000k\000t\000u\000a\000l\000n\000y}{subsection.4.5.4}% 56
\BOOKMARK [3][-]{subsubsection.4.5.4.3}{\376\377\0004\000.\0005\000.\0004\000.\0003\000\040\000b\000a\000r\000i\000e\000r\000a}{subsection.4.5.4}% 57
\BOOKMARK [3][-]{subsubsection.4.5.4.4}{\376\377\0004\000.\0005\000.\0004\000.\0004\000\040\000g\000e\000n\000e\000r\000o\000w\000a\000n\000i\000e}{subsection.4.5.4}% 58
\BOOKMARK [3][-]{subsubsection.4.5.4.5}{\376\377\0004\000.\0005\000.\0004\000.\0005\000\040\000i\000l\000o\000s\000c\000P\000u\000n\000k\000t\000o\000w}{subsection.4.5.4}% 59
\BOOKMARK [3][-]{subsubsection.4.5.4.6}{\376\377\0004\000.\0005\000.\0004\000.\0006\000\040\000k\000o\000n\000i\000e\000c}{subsection.4.5.4}% 60
\BOOKMARK [3][-]{subsubsection.4.5.4.7}{\376\377\0004\000.\0005\000.\0004\000.\0007\000\040\000s\000k\000o\000k}{subsection.4.5.4}% 61
\BOOKMARK [3][-]{subsubsection.4.5.4.8}{\376\377\0004\000.\0005\000.\0004\000.\0008\000\040\000s\000t\000a\000r\000t}{subsection.4.5.4}% 62
\BOOKMARK [3][-]{subsubsection.4.5.4.9}{\376\377\0004\000.\0005\000.\0004\000.\0009\000\040\000t\000a\000b\000e\000l\000a}{subsection.4.5.4}% 63
\BOOKMARK [1][-]{section.4.6}{\376\377\0004\000.\0006\000\040\000D\000o\000k\000u\000m\000e\000n\000t\000a\000c\000j\000a\000\040\000k\000l\000a\000s\000y\000\040\000P\000o\000s\000t\000a\000c}{chapter.4}% 64
\BOOKMARK [2][-]{subsection.4.6.1}{\376\377\0004\000.\0006\000.\0001\000\040\000O\000p\000i\000s\000\040\000s\000z\000c\000z\000e\000g\000\363\001\102\000o\000w\000y}{section.4.6}% 65
\BOOKMARK [2][-]{subsection.4.6.2}{\376\377\0004\000.\0006\000.\0002\000\040\000D\000o\000k\000u\000m\000e\000n\000t\000a\000c\000j\000a\000\040\000k\000o\000n\000s\000t\000r\000u\000k\000t\000o\000r\000a\000\040\000i\000\040\000d\000e\000s\000t\000r\000u\000k\000t\000o\000r\000a}{section.4.6}% 66
\BOOKMARK [3][-]{subsubsection.4.6.2.1}{\376\377\0004\000.\0006\000.\0002\000.\0001\000\040\000P\000o\000s\000t\000a\000c\000\050\000\051}{subsection.4.6.2}% 67
\BOOKMARK [2][-]{subsection.4.6.3}{\376\377\0004\000.\0006\000.\0003\000\040\000D\000o\000k\000u\000m\000e\000n\000t\000a\000c\000j\000a\000\040\000f\000u\000n\000k\000c\000j\000i\000\040\000s\000k\001\102\000a\000d\000o\000w\000y\000c\000h}{section.4.6}% 68
\BOOKMARK [3][-]{subsubsection.4.6.3.1}{\376\377\0004\000.\0006\000.\0003\000.\0001\000\040\000s\000m\000i\000e\000r\000c\000\050\000\051}{subsection.4.6.3}% 69
\BOOKMARK [3][-]{subsubsection.4.6.3.2}{\376\377\0004\000.\0006\000.\0003\000.\0002\000\040\000s\000p\000r\000a\000w\000d\000z\000e\000n\000i\000e\000\137\000p\000o\000l\000a\000\050\000\051}{subsection.4.6.3}% 70
\BOOKMARK [3][-]{subsubsection.4.6.3.3}{\376\377\0004\000.\0006\000.\0003\000.\0003\000\040\000w\000y\000k\000o\000n\000a\000j\000\137\000r\000u\000c\000h\000\050\000\051}{subsection.4.6.3}% 71
\BOOKMARK [3][-]{subsubsection.4.6.3.4}{\376\377\0004\000.\0006\000.\0003\000.\0004\000\040\000z\000w\000r\000o\000c\000\137\000x\000\050\000\051}{subsection.4.6.3}% 72
\BOOKMARK [3][-]{subsubsection.4.6.3.5}{\376\377\0004\000.\0006\000.\0003\000.\0005\000\040\000z\000w\000r\000o\000c\000\137\000y\000\050\000\051}{subsection.4.6.3}% 73
\BOOKMARK [2][-]{subsection.4.6.4}{\376\377\0004\000.\0006\000.\0004\000\040\000D\000o\000k\000u\000m\000e\000n\000t\000a\000c\000j\000a\000\040\000p\000r\000z\000y\000j\000a\000c\000i\000\363\001\102\000\040\000i\000\040\000f\000u\000n\000k\000c\000j\000i\000\040\000z\000w\000i\001\005\000z\000a\000n\000y\000c\000h}{section.4.6}% 74
\BOOKMARK [3][-]{subsubsection.4.6.4.1}{\376\377\0004\000.\0006\000.\0004\000.\0001\000\040\000P\000r\000z\000e\000c\000i\000w\000n\000i\000c\000y}{subsection.4.6.4}% 75
\BOOKMARK [2][-]{subsection.4.6.5}{\376\377\0004\000.\0006\000.\0005\000\040\000D\000o\000k\000u\000m\000e\000n\000t\000a\000c\000j\000a\000\040\000a\000t\000r\000y\000b\000u\000t\000\363\000w\000\040\000s\000k\001\102\000a\000d\000o\000w\000y\000c\000h}{section.4.6}% 76
\BOOKMARK [3][-]{subsubsection.4.6.5.1}{\376\377\0004\000.\0006\000.\0005\000.\0001\000\040\000c\000z\000a\000s}{subsection.4.6.5}% 77
\BOOKMARK [3][-]{subsubsection.4.6.5.2}{\376\377\0004\000.\0006\000.\0005\000.\0002\000\040\000x}{subsection.4.6.5}% 78
\BOOKMARK [3][-]{subsubsection.4.6.5.3}{\376\377\0004\000.\0006\000.\0005\000.\0003\000\040\000y}{subsection.4.6.5}% 79
\BOOKMARK [1][-]{section.4.7}{\376\377\0004\000.\0007\000\040\000D\000o\000k\000u\000m\000e\000n\000t\000a\000c\000j\000a\000\040\000k\000l\000a\000s\000y\000\040\000P\000r\000z\000e\000c\000i\000w\000n\000i\000c\000y}{chapter.4}% 80
\BOOKMARK [2][-]{subsection.4.7.1}{\376\377\0004\000.\0007\000.\0001\000\040\000O\000p\000i\000s\000\040\000s\000z\000c\000z\000e\000g\000\363\001\102\000o\000w\000y}{section.4.7}% 81
\BOOKMARK [2][-]{subsection.4.7.2}{\376\377\0004\000.\0007\000.\0002\000\040\000D\000o\000k\000u\000m\000e\000n\000t\000a\000c\000j\000a\000\040\000k\000o\000n\000s\000t\000r\000u\000k\000t\000o\000r\000a\000\040\000i\000\040\000d\000e\000s\000t\000r\000u\000k\000t\000o\000r\000a}{section.4.7}% 82
\BOOKMARK [3][-]{subsubsection.4.7.2.1}{\376\377\0004\000.\0007\000.\0002\000.\0001\000\040\000P\000r\000z\000e\000c\000i\000w\000n\000i\000c\000y\000\050\000\051}{subsection.4.7.2}% 83
\BOOKMARK [3][-]{subsubsection.4.7.2.2}{\376\377\0004\000.\0007\000.\0002\000.\0002\000\040\000\040\000P\000r\000z\000e\000c\000i\000w\000n\000i\000c\000y\000\050\000\051}{subsection.4.7.2}% 84
\BOOKMARK [2][-]{subsection.4.7.3}{\376\377\0004\000.\0007\000.\0003\000\040\000D\000o\000k\000u\000m\000e\000n\000t\000a\000c\000j\000a\000\040\000f\000u\000n\000k\000c\000j\000i\000\040\000s\000k\001\102\000a\000d\000o\000w\000y\000c\000h}{section.4.7}% 85
\BOOKMARK [3][-]{subsubsection.4.7.3.1}{\376\377\0004\000.\0007\000.\0003\000.\0001\000\040\000p\000o\000t\000e\000n\000c\000j\000a\000l\000n\000e\000\137\000s\000t\000w\000o\000r\000z\000e\000n\000i\000e\000\137\000p\000o\000t\000w\000o\000r\000o\000w\000\050\000\051}{subsection.4.7.3}% 86
\BOOKMARK [3][-]{subsubsection.4.7.3.2}{\376\377\0004\000.\0007\000.\0003\000.\0002\000\040\000u\000s\000m\000i\000e\000r\000c\000\137\000p\000r\000z\000e\000c\000i\000w\000n\000i\000k\000a\000\050\000\051}{subsection.4.7.3}% 87
\BOOKMARK [3][-]{subsubsection.4.7.3.3}{\376\377\0004\000.\0007\000.\0003\000.\0003\000\040\000u\000s\000u\000n\000\137\000e\000w\000e\000n\000t\000u\000a\000l\000n\000e\000\137\000p\000o\000t\000w\000o\000r\000y\000\050\000\051}{subsection.4.7.3}% 88
\BOOKMARK [3][-]{subsubsection.4.7.3.4}{\376\377\0004\000.\0007\000.\0003\000.\0004\000\040\000w\000y\000k\000o\000n\000a\000j\000\137\000r\000u\000c\000h\000y\000\137\000p\000r\000z\000e\000c\000i\000w\000n\000i\000k\000o\000w\000\050\000\051}{subsection.4.7.3}% 89
\BOOKMARK [2][-]{subsection.4.7.4}{\376\377\0004\000.\0007\000.\0004\000\040\000D\000o\000k\000u\000m\000e\000n\000t\000a\000c\000j\000a\000\040\000a\000t\000r\000y\000b\000u\000t\000\363\000w\000\040\000s\000k\001\102\000a\000d\000o\000w\000y\000c\000h}{section.4.7}% 90
\BOOKMARK [3][-]{subsubsection.4.7.4.1}{\376\377\0004\000.\0007\000.\0004\000.\0001\000\040\000p\000o\000t\000w\000o\000r\000y}{subsection.4.7.4}% 91
\BOOKMARK [1][-]{section.4.8}{\376\377\0004\000.\0008\000\040\000D\000o\000k\000u\000m\000e\000n\000t\000a\000c\000j\000a\000\040\000k\000l\000a\000s\000y\000\040\000R\000e\000k\000o\000r\000d}{chapter.4}% 92
\BOOKMARK [2][-]{subsection.4.8.1}{\376\377\0004\000.\0008\000.\0001\000\040\000O\000p\000i\000s\000\040\000s\000z\000c\000z\000e\000g\000\363\001\102\000o\000w\000y}{section.4.8}% 93
\BOOKMARK [2][-]{subsection.4.8.2}{\376\377\0004\000.\0008\000.\0002\000\040\000D\000o\000k\000u\000m\000e\000n\000t\000a\000c\000j\000a\000\040\000k\000o\000n\000s\000t\000r\000u\000k\000t\000o\000r\000a\000\040\000i\000\040\000d\000e\000s\000t\000r\000u\000k\000t\000o\000r\000a}{section.4.8}% 94
\BOOKMARK [3][-]{subsubsection.4.8.2.1}{\376\377\0004\000.\0008\000.\0002\000.\0001\000\040\000R\000e\000k\000o\000r\000d\000\050\000\051\000\040\000[\0001\000/\0002\000]}{subsection.4.8.2}% 95
\BOOKMARK [3][-]{subsubsection.4.8.2.2}{\376\377\0004\000.\0008\000.\0002\000.\0002\000\040\000R\000e\000k\000o\000r\000d\000\050\000\051\000\040\000[\0002\000/\0002\000]}{subsection.4.8.2}% 96
\BOOKMARK [2][-]{subsection.4.8.3}{\376\377\0004\000.\0008\000.\0003\000\040\000D\000o\000k\000u\000m\000e\000n\000t\000a\000c\000j\000a\000\040\000f\000u\000n\000k\000c\000j\000i\000\040\000s\000k\001\102\000a\000d\000o\000w\000y\000c\000h}{section.4.8}% 97
\BOOKMARK [3][-]{subsubsection.4.8.3.1}{\376\377\0004\000.\0008\000.\0003\000.\0001\000\040\000z\000w\000r\000o\000c\000\137\000c\000z\000a\000s\000\050\000\051}{subsection.4.8.3}% 98
\BOOKMARK [3][-]{subsubsection.4.8.3.2}{\376\377\0004\000.\0008\000.\0003\000.\0002\000\040\000z\000w\000r\000o\000c\000\137\000n\000a\000z\000w\000e\000\050\000\051}{subsection.4.8.3}% 99
\BOOKMARK [3][-]{subsubsection.4.8.3.3}{\376\377\0004\000.\0008\000.\0003\000.\0003\000\040\000z\000w\000r\000o\000c\000\137\000p\000u\000n\000k\000t\000y\000\137\000d\000o\000\137\000z\000d\000o\000b\000y\000c\000i\000a\000\050\000\051}{subsection.4.8.3}% 100
\BOOKMARK [3][-]{subsubsection.4.8.3.4}{\376\377\0004\000.\0008\000.\0003\000.\0004\000\040\000z\000w\000r\000o\000c\000\137\000z\000d\000o\000b\000y\000t\000e\000\137\000p\000u\000n\000k\000t\000y\000\050\000\051}{subsection.4.8.3}% 101
\BOOKMARK [2][-]{subsection.4.8.4}{\376\377\0004\000.\0008\000.\0004\000\040\000D\000o\000k\000u\000m\000e\000n\000t\000a\000c\000j\000a\000\040\000p\000r\000z\000y\000j\000a\000c\000i\000\363\001\102\000\040\000i\000\040\000f\000u\000n\000k\000c\000j\000i\000\040\000z\000w\000i\001\005\000z\000a\000n\000y\000c\000h}{section.4.8}% 102
\BOOKMARK [3][-]{subsubsection.4.8.4.1}{\376\377\0004\000.\0008\000.\0004\000.\0001\000\040\000o\000p\000e\000r\000a\000t\000o\000r\000<}{subsection.4.8.4}% 103
\BOOKMARK [3][-]{subsubsection.4.8.4.2}{\376\377\0004\000.\0008\000.\0004\000.\0002\000\040\000o\000p\000e\000r\000a\000t\000o\000r\000<\000<}{subsection.4.8.4}% 104
\BOOKMARK [3][-]{subsubsection.4.8.4.3}{\376\377\0004\000.\0008\000.\0004\000.\0003\000\040\000o\000p\000e\000r\000a\000t\000o\000r\000>}{subsection.4.8.4}% 105
\BOOKMARK [3][-]{subsubsection.4.8.4.4}{\376\377\0004\000.\0008\000.\0004\000.\0004\000\040\000o\000p\000e\000r\000a\000t\000o\000r\000>\000>}{subsection.4.8.4}% 106
\BOOKMARK [2][-]{subsection.4.8.5}{\376\377\0004\000.\0008\000.\0005\000\040\000D\000o\000k\000u\000m\000e\000n\000t\000a\000c\000j\000a\000\040\000a\000t\000r\000y\000b\000u\000t\000\363\000w\000\040\000s\000k\001\102\000a\000d\000o\000w\000y\000c\000h}{section.4.8}% 107
\BOOKMARK [3][-]{subsubsection.4.8.5.1}{\376\377\0004\000.\0008\000.\0005\000.\0001\000\040\000c\000z\000a\000s}{subsection.4.8.5}% 108
\BOOKMARK [3][-]{subsubsection.4.8.5.2}{\376\377\0004\000.\0008\000.\0005\000.\0002\000\040\000n\000a\000z\000w\000a}{subsection.4.8.5}% 109
\BOOKMARK [3][-]{subsubsection.4.8.5.3}{\376\377\0004\000.\0008\000.\0005\000.\0003\000\040\000p\000u\000n\000k\000t\000y\000\137\000d\000o\000\137\000z\000d\000o\000b\000y\000c\000i\000a}{subsection.4.8.5}% 110
\BOOKMARK [3][-]{subsubsection.4.8.5.4}{\376\377\0004\000.\0008\000.\0005\000.\0004\000\040\000z\000d\000o\000b\000y\000t\000e\000\137\000p\000u\000n\000k\000t\000y}{subsection.4.8.5}% 111
\BOOKMARK [1][-]{section.4.9}{\376\377\0004\000.\0009\000\040\000D\000o\000k\000u\000m\000e\000n\000t\000a\000c\000j\000a\000\040\000k\000l\000a\000s\000y\000\040\000S\000t\000r\000z\000e\000l\000e\000c\000\137\000p\000i\000o\000n\000o\000w\000y}{chapter.4}% 112
\BOOKMARK [2][-]{subsection.4.9.1}{\376\377\0004\000.\0009\000.\0001\000\040\000O\000p\000i\000s\000\040\000s\000z\000c\000z\000e\000g\000\363\001\102\000o\000w\000y}{section.4.9}% 113
\BOOKMARK [2][-]{subsection.4.9.2}{\376\377\0004\000.\0009\000.\0002\000\040\000D\000o\000k\000u\000m\000e\000n\000t\000a\000c\000j\000a\000\040\000k\000o\000n\000s\000t\000r\000u\000k\000t\000o\000r\000a\000\040\000i\000\040\000d\000e\000s\000t\000r\000u\000k\000t\000o\000r\000a}{section.4.9}% 114
\BOOKMARK [3][-]{subsubsection.4.9.2.1}{\376\377\0004\000.\0009\000.\0002\000.\0001\000\040\000S\000t\000r\000z\000e\000l\000e\000c\000\137\000p\000i\000o\000n\000o\000w\000y\000\050\000\051}{subsection.4.9.2}% 115
\BOOKMARK [2][-]{subsection.4.9.3}{\376\377\0004\000.\0009\000.\0003\000\040\000D\000o\000k\000u\000m\000e\000n\000t\000a\000c\000j\000a\000\040\000f\000u\000n\000k\000c\000j\000i\000\040\000s\000k\001\102\000a\000d\000o\000w\000y\000c\000h}{section.4.9}% 116
\BOOKMARK [3][-]{subsubsection.4.9.3.1}{\376\377\0004\000.\0009\000.\0003\000.\0001\000\040\000s\000m\000i\000e\000r\000c\000\050\000\051}{subsection.4.9.3}% 117
\BOOKMARK [3][-]{subsubsection.4.9.3.2}{\376\377\0004\000.\0009\000.\0003\000.\0002\000\040\000w\000y\000k\000o\000n\000a\000j\000\137\000r\000u\000c\000h\000\050\000\051}{subsection.4.9.3}% 118
\BOOKMARK [1][-]{section.4.10}{\376\377\0004\000.\0001\0000\000\040\000D\000o\000k\000u\000m\000e\000n\000t\000a\000c\000j\000a\000\040\000k\000l\000a\000s\000y\000\040\000S\000t\000r\000z\000e\000l\000e\000c\000\137\000p\000o\000z\000i\000o\000m\000y}{chapter.4}% 119
\BOOKMARK [2][-]{subsection.4.10.1}{\376\377\0004\000.\0001\0000\000.\0001\000\040\000O\000p\000i\000s\000\040\000s\000z\000c\000z\000e\000g\000\363\001\102\000o\000w\000y}{section.4.10}% 120
\BOOKMARK [2][-]{subsection.4.10.2}{\376\377\0004\000.\0001\0000\000.\0002\000\040\000D\000o\000k\000u\000m\000e\000n\000t\000a\000c\000j\000a\000\040\000k\000o\000n\000s\000t\000r\000u\000k\000t\000o\000r\000a\000\040\000i\000\040\000d\000e\000s\000t\000r\000u\000k\000t\000o\000r\000a}{section.4.10}% 121
\BOOKMARK [3][-]{subsubsection.4.10.2.1}{\376\377\0004\000.\0001\0000\000.\0002\000.\0001\000\040\000S\000t\000r\000z\000e\000l\000e\000c\000\137\000p\000o\000z\000i\000o\000m\000y\000\050\000\051}{subsection.4.10.2}% 122
\BOOKMARK [2][-]{subsection.4.10.3}{\376\377\0004\000.\0001\0000\000.\0003\000\040\000D\000o\000k\000u\000m\000e\000n\000t\000a\000c\000j\000a\000\040\000f\000u\000n\000k\000c\000j\000i\000\040\000s\000k\001\102\000a\000d\000o\000w\000y\000c\000h}{section.4.10}% 123
\BOOKMARK [3][-]{subsubsection.4.10.3.1}{\376\377\0004\000.\0001\0000\000.\0003\000.\0001\000\040\000s\000m\000i\000e\000r\000c\000\050\000\051}{subsection.4.10.3}% 124
\BOOKMARK [3][-]{subsubsection.4.10.3.2}{\376\377\0004\000.\0001\0000\000.\0003\000.\0002\000\040\000w\000y\000k\000o\000n\000a\000j\000\137\000r\000u\000c\000h\000\050\000\051}{subsection.4.10.3}% 125
\BOOKMARK [1][-]{section.4.11}{\376\377\0004\000.\0001\0001\000\040\000D\000o\000k\000u\000m\000e\000n\000t\000a\000c\000j\000a\000\040\000k\000l\000a\000s\000y\000\040\000Z\000a\000p\000i\000s}{chapter.4}% 126
\BOOKMARK [2][-]{subsection.4.11.1}{\376\377\0004\000.\0001\0001\000.\0001\000\040\000O\000p\000i\000s\000\040\000s\000z\000c\000z\000e\000g\000\363\001\102\000o\000w\000y}{section.4.11}% 127
\BOOKMARK [2][-]{subsection.4.11.2}{\376\377\0004\000.\0001\0001\000.\0002\000\040\000D\000o\000k\000u\000m\000e\000n\000t\000a\000c\000j\000a\000\040\000k\000o\000n\000s\000t\000r\000u\000k\000t\000o\000r\000a\000\040\000i\000\040\000d\000e\000s\000t\000r\000u\000k\000t\000o\000r\000a}{section.4.11}% 128
\BOOKMARK [3][-]{subsubsection.4.11.2.1}{\376\377\0004\000.\0001\0001\000.\0002\000.\0001\000\040\000Z\000a\000p\000i\000s\000\050\000\051}{subsection.4.11.2}% 129
\BOOKMARK [2][-]{subsection.4.11.3}{\376\377\0004\000.\0001\0001\000.\0003\000\040\000D\000o\000k\000u\000m\000e\000n\000t\000a\000c\000j\000a\000\040\000f\000u\000n\000k\000c\000j\000i\000\040\000s\000k\001\102\000a\000d\000o\000w\000y\000c\000h}{section.4.11}% 130
\BOOKMARK [3][-]{subsubsection.4.11.3.1}{\376\377\0004\000.\0001\0001\000.\0003\000.\0001\000\040\000w\000e\000r\000y\000f\000i\000k\000a\000c\000j\000a\000\137\000n\000a\000z\000w\000y\000\050\000\051}{subsection.4.11.3}% 131
\BOOKMARK [3][-]{subsubsection.4.11.3.2}{\376\377\0004\000.\0001\0001\000.\0003\000.\0002\000\040\000w\000y\000s\000w\000i\000e\000t\000l\000\050\000\051}{subsection.4.11.3}% 132
\BOOKMARK [2][-]{subsection.4.11.4}{\376\377\0004\000.\0001\0001\000.\0004\000\040\000D\000o\000k\000u\000m\000e\000n\000t\000a\000c\000j\000a\000\040\000a\000t\000r\000y\000b\000u\000t\000\363\000w\000\040\000s\000k\001\102\000a\000d\000o\000w\000y\000c\000h}{section.4.11}% 133
\BOOKMARK [3][-]{subsubsection.4.11.4.1}{\376\377\0004\000.\0001\0001\000.\0004\000.\0001\000\040\000k\000o\000n\000i\000e\000c\000\137\000z\000a\000p\000i\000s\000u}{subsection.4.11.4}% 134
\BOOKMARK [0][-]{chapter.5}{\376\377\0005\000\040\000D\000o\000k\000u\000m\000e\000n\000t\000a\000c\000j\000a\000\040\000p\000l\000i\000k\000\363\000w}{}% 135
\BOOKMARK [1][-]{section.5.1}{\376\377\0005\000.\0001\000\040\000D\000o\000k\000u\000m\000e\000n\000t\000a\000c\000j\000a\000\040\000p\000l\000i\000k\000u\000\040\000B\000o\000m\000b\000a\000.\000c\000p\000p}{chapter.5}% 136
\BOOKMARK [1][-]{section.5.2}{\376\377\0005\000.\0002\000\040\000D\000o\000k\000u\000m\000e\000n\000t\000a\000c\000j\000a\000\040\000p\000l\000i\000k\000u\000\040\000B\000o\000m\000b\000a\000.\000h}{chapter.5}% 137
\BOOKMARK [1][-]{section.5.3}{\376\377\0005\000.\0003\000\040\000D\000o\000k\000u\000m\000e\000n\000t\000a\000c\000j\000a\000\040\000p\000l\000i\000k\000u\000\040\000C\000o\000n\000s\000t\000a\000n\000t\000s\000A\000n\000d\000I\000n\000c\000l\000u\000d\000e\000s\000.\000h}{chapter.5}% 138
\BOOKMARK [2][-]{subsection.5.3.1}{\376\377\0005\000.\0003\000.\0001\000\040\000D\000o\000k\000u\000m\000e\000n\000t\000a\000c\000j\000a\000\040\000d\000e\000f\000i\000n\000i\000c\000j\000i}{section.5.3}% 139
\BOOKMARK [3][-]{subsubsection.5.3.1.1}{\376\377\0005\000.\0003\000.\0001\000.\0001\000\040\000b\000e\000z\000p\000i\000e\000c\000z\000n\000e\000\137\000p\000o\000l\000a}{subsection.5.3.1}% 140
\BOOKMARK [3][-]{subsubsection.5.3.1.2}{\376\377\0005\000.\0003\000.\0001\000.\0002\000\040\000b\000o\000m\000b\000a}{subsection.5.3.1}% 141
\BOOKMARK [3][-]{subsubsection.5.3.1.3}{\376\377\0005\000.\0003\000.\0001\000.\0003\000\040\000d\000l\000u\000g\000o\000s\000c\000\137\000p\000l\000a\000n\000s\000z\000y}{subsection.5.3.1}% 142
\BOOKMARK [3][-]{subsubsection.5.3.1.4}{\376\377\0005\000.\0003\000.\0001\000.\0004\000\040\000d\000o\000l\000\137\000g\000r\000a\000c\000z\000a\000\137\000l}{subsection.5.3.1}% 143
\BOOKMARK [3][-]{subsubsection.5.3.1.5}{\376\377\0005\000.\0003\000.\0001\000.\0005\000\040\000d\000o\000l\000\137\000g\000r\000a\000c\000z\000a\000\137\000p}{subsection.5.3.1}% 144
\BOOKMARK [3][-]{subsubsection.5.3.1.6}{\376\377\0005\000.\0003\000.\0001\000.\0006\000\040\000g\000o\000r\000a\000\137\000g\000r\000a\000c\000z\000a\000\137\000l}{subsection.5.3.1}% 145
\BOOKMARK [3][-]{subsubsection.5.3.1.7}{\376\377\0005\000.\0003\000.\0001\000.\0007\000\040\000g\000o\000r\000a\000\137\000g\000r\000a\000c\000z\000a\000\137\000p}{subsection.5.3.1}% 146
\BOOKMARK [3][-]{subsubsection.5.3.1.8}{\376\377\0005\000.\0003\000.\0001\000.\0008\000\040\000g\000r\000a\000c\000z\000\137\000k}{subsection.5.3.1}% 147
\BOOKMARK [3][-]{subsubsection.5.3.1.9}{\376\377\0005\000.\0003\000.\0001\000.\0009\000\040\000g\000r\000a\000c\000z\000\137\000p}{subsection.5.3.1}% 148
\BOOKMARK [3][-]{subsubsection.5.3.1.10}{\376\377\0005\000.\0003\000.\0001\000.\0001\0000\000\040\000i\000l\000o\000s\000c\000\137\000w\000y\000s\000w\000i\000e\000t\000l\000o\000n\000y\000c\000h\000\137\000p\000o\000l}{subsection.5.3.1}% 149
\BOOKMARK [3][-]{subsubsection.5.3.1.11}{\376\377\0005\000.\0003\000.\0001\000.\0001\0001\000\040\000l\000a\000t\000w\000y\000\137\000p\000u\000n\000k\000t\000y}{subsection.5.3.1}% 150
\BOOKMARK [3][-]{subsubsection.5.3.1.12}{\376\377\0005\000.\0003\000.\0001\000.\0001\0002\000\040\000m\000a\000k\000s\000y\000m\000a\000l\000n\000e\000\137\000c\000o\000f\000n\000i\000e\000c\000i\000e\000\137\000g\000r\000a\000c\000z\000a}{subsection.5.3.1}% 151
\BOOKMARK [3][-]{subsubsection.5.3.1.13}{\376\377\0005\000.\0003\000.\0001\000.\0001\0003\000\040\000m\000a\000k\000s\000y\000m\000a\000l\000n\000y\000\137\000o\000d\000s\000t\000e\000p\000\137\000c\000o\000n\000s\000t}{subsection.5.3.1}% 152
\BOOKMARK [3][-]{subsubsection.5.3.1.14}{\376\377\0005\000.\0003\000.\0001\000.\0001\0004\000\040\000m\000i\000n\000i\000m\000a\000l\000n\000a\000\137\000d\000l\000u\000g\000o\000s\000c\000\137\000w\000y\000s\000p\000y}{subsection.5.3.1}% 153
\BOOKMARK [3][-]{subsubsection.5.3.1.15}{\376\377\0005\000.\0003\000.\0001\000.\0001\0005\000\040\000m\000i\000n\000i\000m\000a\000l\000n\000y\000\137\000c\000z\000a\000s\000\137\000p\000o\000m\000i\001\031\000d\000z\000y\000\137\000r\000u\000c\000h\000e\000m\000\137\000p\000o\000s\000t\000a\000c\000i}{subsection.5.3.1}% 154
\BOOKMARK [3][-]{subsubsection.5.3.1.16}{\376\377\0005\000.\0003\000.\0001\000.\0001\0006\000\040\000m\000i\000n\000i\000m\000a\000l\000n\000y\000\137\000c\000z\000a\000s\000\137\000p\000r\000z\000e\000s\000u\000n\000i\000e\000c\000i\000a\000\137\000s\000t\000r\000z\000a\000l\000u}{subsection.5.3.1}% 155
\BOOKMARK [3][-]{subsubsection.5.3.1.17}{\376\377\0005\000.\0003\000.\0001\000.\0001\0007\000\040\000o\000d\000s\000t\000e\000p\000\137\000b\000o\000c\000z\000n\000y}{subsection.5.3.1}% 156
\BOOKMARK [3][-]{subsubsection.5.3.1.18}{\376\377\0005\000.\0003\000.\0001\000.\0001\0008\000\040\000o\000d\000s\000t\000e\000p\000\137\000g\000o\000r\000n\000y}{subsection.5.3.1}% 157
\BOOKMARK [3][-]{subsubsection.5.3.1.19}{\376\377\0005\000.\0003\000.\0001\000.\0001\0009\000\040\000p\000o\000d\000l\000o\000g\000a}{subsection.5.3.1}% 158
\BOOKMARK [3][-]{subsubsection.5.3.1.20}{\376\377\0005\000.\0003\000.\0001\000.\0002\0000\000\040\000p\000u\000n\000k\000t}{subsection.5.3.1}% 159
\BOOKMARK [3][-]{subsubsection.5.3.1.21}{\376\377\0005\000.\0003\000.\0001\000.\0002\0001\000\040\000p\000u\000s\000t\000a\000\137\000p\000r\000z\000e\000s\000t\000r\000z\000e\000n}{subsection.5.3.1}% 160
\BOOKMARK [3][-]{subsubsection.5.3.1.22}{\376\377\0005\000.\0003\000.\0001\000.\0002\0002\000\040\000r\000o\000z\000n\000i\000c\000a\000\137\000w\000y\000s\000o\000k\000o\000s\000c\000i\000\137\000p\000o\000m\000i\000e\000d\000z\000y\000\137\000w\000y\000s\000p\000a\000m\000i}{subsection.5.3.1}% 161
\BOOKMARK [3][-]{subsubsection.5.3.1.23}{\376\377\0005\000.\0003\000.\0001\000.\0002\0003\000\040\000s\000k\000o\000k\000\137\000c\000o\000n\000s\000t}{subsection.5.3.1}% 162
\BOOKMARK [3][-]{subsubsection.5.3.1.24}{\376\377\0005\000.\0003\000.\0001\000.\0002\0004\000\040\000s\000r\000e\000d\000n\000i\000\137\000p\000u\000n\000k\000t\000y}{subsection.5.3.1}% 163
\BOOKMARK [3][-]{subsubsection.5.3.1.25}{\376\377\0005\000.\0003\000.\0001\000.\0002\0005\000\040\000s\000t\000r\000z\000a\000l\000\137\000p\000i\000o\000n\000o\000w\000y}{subsection.5.3.1}% 164
\BOOKMARK [3][-]{subsubsection.5.3.1.26}{\376\377\0005\000.\0003\000.\0001\000.\0002\0006\000\040\000s\000t\000r\000z\000a\000l\000\137\000p\000o\000z\000i\000o\000m\000y}{subsection.5.3.1}% 165
\BOOKMARK [3][-]{subsubsection.5.3.1.27}{\376\377\0005\000.\0003\000.\0001\000.\0002\0007\000\040\000s\000t\000r\000z\000e\000l\000e\000c\000\137\000p\000i\000o\000n\000o\000w\000y\000\137\000d}{subsection.5.3.1}% 166
\BOOKMARK [3][-]{subsubsection.5.3.1.28}{\376\377\0005\000.\0003\000.\0001\000.\0002\0008\000\040\000s\000t\000r\000z\000e\000l\000e\000c\000\137\000p\000i\000o\000n\000o\000w\000y\000\137\000g}{subsection.5.3.1}% 167
\BOOKMARK [3][-]{subsubsection.5.3.1.29}{\376\377\0005\000.\0003\000.\0001\000.\0002\0009\000\040\000s\000t\000r\000z\000e\000l\000e\000c\000\137\000p\000o\000z\000i\000o\000m\000y\000\137\000d}{subsection.5.3.1}% 168
\BOOKMARK [3][-]{subsubsection.5.3.1.30}{\376\377\0005\000.\0003\000.\0001\000.\0003\0000\000\040\000s\000t\000r\000z\000e\000l\000e\000c\000\137\000p\000o\000z\000i\000o\000m\000y\000\137\000g}{subsection.5.3.1}% 169
\BOOKMARK [3][-]{subsubsection.5.3.1.31}{\376\377\0005\000.\0003\000.\0001\000.\0003\0001\000\040\000w\000y\000s\000o\000k\000o\000s\000c\000\137\000p\000l\000a\000n\000s\000z\000y}{subsection.5.3.1}% 170
\BOOKMARK [3][-]{subsubsection.5.3.1.32}{\376\377\0005\000.\0003\000.\0001\000.\0003\0002\000\040\000z\000a\000s\000i\000e\000g\000\137\000s\000t\000r\000z\000a\000l\000u\000\137\000p\000i\000o\000n\000o\000w\000e\000g\000o}{subsection.5.3.1}% 171
\BOOKMARK [3][-]{subsubsection.5.3.1.33}{\376\377\0005\000.\0003\000.\0001\000.\0003\0003\000\040\000z\000a\000s\000i\000e\000g\000\137\000s\000t\000r\000z\000a\000l\000u\000\137\000p\000o\000z\000i\000o\000m\000e\000g\000o}{subsection.5.3.1}% 172
\BOOKMARK [1][-]{section.5.4}{\376\377\0005\000.\0004\000\040\000D\000o\000k\000u\000m\000e\000n\000t\000a\000c\000j\000a\000\040\000p\000l\000i\000k\000u\000\040\000G\000r\000a\000.\000c\000p\000p}{chapter.5}% 173
\BOOKMARK [1][-]{section.5.5}{\376\377\0005\000.\0005\000\040\000D\000o\000k\000u\000m\000e\000n\000t\000a\000c\000j\000a\000\040\000p\000l\000i\000k\000u\000\040\000G\000r\000a\000.\000h}{chapter.5}% 174
\BOOKMARK [1][-]{section.5.6}{\376\377\0005\000.\0006\000\040\000D\000o\000k\000u\000m\000e\000n\000t\000a\000c\000j\000a\000\040\000p\000l\000i\000k\000u\000\040\000M\000a\000r\000i\000o\000.\000c\000p\000p}{chapter.5}% 175
\BOOKMARK [1][-]{section.5.7}{\376\377\0005\000.\0007\000\040\000D\000o\000k\000u\000m\000e\000n\000t\000a\000c\000j\000a\000\040\000p\000l\000i\000k\000u\000\040\000M\000a\000r\000i\000o\000.\000h}{chapter.5}% 176
\BOOKMARK [1][-]{section.5.8}{\376\377\0005\000.\0008\000\040\000D\000o\000k\000u\000m\000e\000n\000t\000a\000c\000j\000a\000\040\000p\000l\000i\000k\000u\000\040\000M\000a\000r\000i\000o\000S\000F\000M\000L\000.\000c\000p\000p}{chapter.5}% 177
\BOOKMARK [2][-]{subsection.5.8.1}{\376\377\0005\000.\0008\000.\0001\000\040\000D\000o\000k\000u\000m\000e\000n\000t\000a\000c\000j\000a\000\040\000f\000u\000n\000k\000c\000j\000i}{section.5.8}% 178
\BOOKMARK [3][-]{subsubsection.5.8.1.1}{\376\377\0005\000.\0008\000.\0001\000.\0001\000\040\000m\000a\000i\000n\000\050\000\051}{subsection.5.8.1}% 179
\BOOKMARK [1][-]{section.5.9}{\376\377\0005\000.\0009\000\040\000D\000o\000k\000u\000m\000e\000n\000t\000a\000c\000j\000a\000\040\000p\000l\000i\000k\000u\000\040\000M\000e\000n\000u\000.\000c\000p\000p}{chapter.5}% 180
\BOOKMARK [1][-]{section.5.10}{\376\377\0005\000.\0001\0000\000\040\000D\000o\000k\000u\000m\000e\000n\000t\000a\000c\000j\000a\000\040\000p\000l\000i\000k\000u\000\040\000M\000e\000n\000u\000.\000h}{chapter.5}% 181
\BOOKMARK [1][-]{section.5.11}{\376\377\0005\000.\0001\0001\000\040\000D\000o\000k\000u\000m\000e\000n\000t\000a\000c\000j\000a\000\040\000p\000l\000i\000k\000u\000\040\000P\000l\000a\000n\000s\000z\000a\000.\000c\000p\000p}{chapter.5}% 182
\BOOKMARK [1][-]{section.5.12}{\376\377\0005\000.\0001\0002\000\040\000D\000o\000k\000u\000m\000e\000n\000t\000a\000c\000j\000a\000\040\000p\000l\000i\000k\000u\000\040\000P\000l\000a\000n\000s\000z\000a\000.\000h}{chapter.5}% 183
\BOOKMARK [1][-]{section.5.13}{\376\377\0005\000.\0001\0003\000\040\000D\000o\000k\000u\000m\000e\000n\000t\000a\000c\000j\000a\000\040\000p\000l\000i\000k\000u\000\040\000P\000r\000z\000e\000c\000i\000w\000n\000i\000c\000y\000.\000c\000p\000p}{chapter.5}% 184
\BOOKMARK [1][-]{section.5.14}{\376\377\0005\000.\0001\0004\000\040\000D\000o\000k\000u\000m\000e\000n\000t\000a\000c\000j\000a\000\040\000p\000l\000i\000k\000u\000\040\000P\000r\000z\000e\000c\000i\000w\000n\000i\000c\000y\000.\000h}{chapter.5}% 185
\BOOKMARK [1][-]{section.5.15}{\376\377\0005\000.\0001\0005\000\040\000D\000o\000k\000u\000m\000e\000n\000t\000a\000c\000j\000a\000\040\000p\000l\000i\000k\000u\000\040\000R\000e\000k\000o\000r\000d\000.\000c\000p\000p}{chapter.5}% 186
\BOOKMARK [2][-]{subsection.5.15.1}{\376\377\0005\000.\0001\0005\000.\0001\000\040\000D\000o\000k\000u\000m\000e\000n\000t\000a\000c\000j\000a\000\040\000f\000u\000n\000k\000c\000j\000i}{section.5.15}% 187
\BOOKMARK [3][-]{subsubsection.5.15.1.1}{\376\377\0005\000.\0001\0005\000.\0001\000.\0001\000\040\000o\000p\000e\000r\000a\000t\000o\000r\000<\000\050\000\051}{subsection.5.15.1}% 188
\BOOKMARK [3][-]{subsubsection.5.15.1.2}{\376\377\0005\000.\0001\0005\000.\0001\000.\0002\000\040\000o\000p\000e\000r\000a\000t\000o\000r\000<\000<\000\050\000\051}{subsection.5.15.1}% 189
\BOOKMARK [3][-]{subsubsection.5.15.1.3}{\376\377\0005\000.\0001\0005\000.\0001\000.\0003\000\040\000o\000p\000e\000r\000a\000t\000o\000r\000>\000\050\000\051}{subsection.5.15.1}% 190
\BOOKMARK [3][-]{subsubsection.5.15.1.4}{\376\377\0005\000.\0001\0005\000.\0001\000.\0004\000\040\000o\000p\000e\000r\000a\000t\000o\000r\000>\000>\000\050\000\051}{subsection.5.15.1}% 191
\BOOKMARK [1][-]{section.5.16}{\376\377\0005\000.\0001\0006\000\040\000D\000o\000k\000u\000m\000e\000n\000t\000a\000c\000j\000a\000\040\000p\000l\000i\000k\000u\000\040\000R\000e\000k\000o\000r\000d\000.\000h}{chapter.5}% 192
\BOOKMARK [1][-]{section.5.17}{\376\377\0005\000.\0001\0007\000\040\000D\000o\000k\000u\000m\000e\000n\000t\000a\000c\000j\000a\000\040\000p\000l\000i\000k\000u\000\040\000R\000u\000c\000h\000y\000.\000c\000p\000p}{chapter.5}% 193
\BOOKMARK [1][-]{section.5.18}{\376\377\0005\000.\0001\0008\000\040\000D\000o\000k\000u\000m\000e\000n\000t\000a\000c\000j\000a\000\040\000p\000l\000i\000k\000u\000\040\000R\000u\000c\000h\000y\000.\000h}{chapter.5}% 194
\BOOKMARK [1][-]{section.5.19}{\376\377\0005\000.\0001\0009\000\040\000D\000o\000k\000u\000m\000e\000n\000t\000a\000c\000j\000a\000\040\000p\000l\000i\000k\000u\000\040\000S\000t\000r\000u\000k\000t\000u\000r\000y\000I\000F\000u\000n\000k\000c\000j\000e\000.\000c\000p\000p}{chapter.5}% 195
\BOOKMARK [2][-]{subsection.5.19.1}{\376\377\0005\000.\0001\0009\000.\0001\000\040\000D\000o\000k\000u\000m\000e\000n\000t\000a\000c\000j\000a\000\040\000f\000u\000n\000k\000c\000j\000i}{section.5.19}% 196
\BOOKMARK [3][-]{subsubsection.5.19.1.1}{\376\377\0005\000.\0001\0009\000.\0001\000.\0001\000\040\000p\000r\000z\000e\000s\000u\000n\000i\000e\000c\000i\000e\000\050\000\051}{subsection.5.19.1}% 197
\BOOKMARK [1][-]{section.5.20}{\376\377\0005\000.\0002\0000\000\040\000D\000o\000k\000u\000m\000e\000n\000t\000a\000c\000j\000a\000\040\000p\000l\000i\000k\000u\000\040\000S\000t\000r\000u\000k\000t\000u\000r\000y\000I\000F\000u\000n\000k\000c\000j\000e\000.\000h}{chapter.5}% 198
\BOOKMARK [2][-]{subsection.5.20.1}{\376\377\0005\000.\0002\0000\000.\0001\000\040\000D\000o\000k\000u\000m\000e\000n\000t\000a\000c\000j\000a\000\040\000f\000u\000n\000k\000c\000j\000i}{section.5.20}% 199
\BOOKMARK [3][-]{subsubsection.5.20.1.1}{\376\377\0005\000.\0002\0000\000.\0001\000.\0001\000\040\000p\000r\000z\000e\000s\000u\000n\000i\000e\000c\000i\000e\000\050\000\051}{subsection.5.20.1}% 200
\BOOKMARK [1][-]{section.5.21}{\376\377\0005\000.\0002\0001\000\040\000D\000o\000k\000u\000m\000e\000n\000t\000a\000c\000j\000a\000\040\000p\000l\000i\000k\000u\000\040\000S\000t\000r\000z\000e\000l\000e\000c\000\137\000p\000i\000o\000n\000o\000w\000y\000.\000c\000p\000p}{chapter.5}% 201
\BOOKMARK [1][-]{section.5.22}{\376\377\0005\000.\0002\0002\000\040\000D\000o\000k\000u\000m\000e\000n\000t\000a\000c\000j\000a\000\040\000p\000l\000i\000k\000u\000\040\000S\000t\000r\000z\000e\000l\000e\000c\000\137\000p\000i\000o\000n\000o\000w\000y\000.\000h}{chapter.5}% 202
\BOOKMARK [1][-]{section.5.23}{\376\377\0005\000.\0002\0003\000\040\000D\000o\000k\000u\000m\000e\000n\000t\000a\000c\000j\000a\000\040\000p\000l\000i\000k\000u\000\040\000S\000t\000r\000z\000e\000l\000e\000c\000\137\000p\000o\000z\000i\000o\000m\000y\000.\000c\000p\000p}{chapter.5}% 203
\BOOKMARK [1][-]{section.5.24}{\376\377\0005\000.\0002\0004\000\040\000D\000o\000k\000u\000m\000e\000n\000t\000a\000c\000j\000a\000\040\000p\000l\000i\000k\000u\000\040\000S\000t\000r\000z\000e\000l\000e\000c\000\137\000p\000o\000z\000i\000o\000m\000y\000.\000h}{chapter.5}% 204
\BOOKMARK [1][-]{section.5.25}{\376\377\0005\000.\0002\0005\000\040\000D\000o\000k\000u\000m\000e\000n\000t\000a\000c\000j\000a\000\040\000p\000l\000i\000k\000u\000\040\000Z\000a\000p\000i\000s\000.\000c\000p\000p}{chapter.5}% 205
\BOOKMARK [1][-]{section.5.26}{\376\377\0005\000.\0002\0006\000\040\000D\000o\000k\000u\000m\000e\000n\000t\000a\000c\000j\000a\000\040\000p\000l\000i\000k\000u\000\040\000Z\000a\000p\000i\000s\000.\000h}{chapter.5}% 206
